-------------------------------------------------------------------------------
Test set: TestSuite
-------------------------------------------------------------------------------
Tests run: 2, Failures: 1, Errors: 0, Skipped: 0, Time elapsed: 0.603 sec <<< FAILURE! - in TestSuite
test(com.selenium.acc.project.AppTest)  Time elapsed: 0.022 sec  <<< FAILURE!
java.lang.AssertionError: expected [false] but found [true]
	at com.selenium.acc.project.AppTest.test(AppTest.java:14)

