<?xml version="1.0" encoding="UTF-8"?>
<!-- Generated by org.testng.reporters.JUnitXMLReporter -->
<testsuite hostname="Venkatramanas-MacBook-Air.local" ignored="1" name="RedBusTests" tests="1" failures="1" timestamp="11 Nov 2018 04:16:44 GMT" time="0.049" errors="0">
  <testcase name="test" time="0.017" classname="com.selenium.acc.project.AppTest">
    <failure type="java.lang.AssertionError" message="expected [false] but found [true]">
      <![CDATA[java.lang.AssertionError: expected [false] but found [true]
at com.selenium.acc.project.AppTest.test(AppTest.java:14)
... Removed 32 stack frames]]>
    </failure>
  </testcase> <!-- test -->
  <testcase name="test1" time="0.0" classname="com.selenium.acc.project.AppTest">
    <ignored/>
  </testcase> <!-- test1 -->
</testsuite> <!-- RedBusTests -->
